HDF5 "ShockTubePEdist_grid_3d_000000.cgns" {
GROUP "/" {
   ATTRIBUTE "label" {
      DATATYPE  H5T_STRING {
         STRSIZE 33;
         STRPAD H5T_STR_NULLTERM;
         CSET H5T_CSET_ASCII;
         CTYPE H5T_C_S1;
      }
      DATASPACE  SCALAR
   }
   ATTRIBUTE "name" {
      DATATYPE  H5T_STRING {
         STRSIZE 33;
         STRPAD H5T_STR_NULLTERM;
         CSET H5T_CSET_ASCII;
         CTYPE H5T_C_S1;
      }
      DATASPACE  SCALAR
   }
   ATTRIBUTE "type" {
      DATATYPE  H5T_STRING {
         STRSIZE 3;
         STRPAD H5T_STR_NULLTERM;
         CSET H5T_CSET_ASCII;
         CTYPE H5T_C_S1;
      }
      DATASPACE  SCALAR
   }
   DATASET " format" {
      DATATYPE  H5T_STD_I8LE
      DATASPACE  SIMPLE { ( 15 ) / ( 15 ) }
   }
   DATASET " hdf5version" {
      DATATYPE  H5T_STD_I8LE
      DATASPACE  SIMPLE { ( 33 ) / ( 33 ) }
   }
   GROUP "Base" {
      ATTRIBUTE "flags" {
         DATATYPE  H5T_STD_I32LE
         DATASPACE  SIMPLE { ( 1 ) / ( 1 ) }
      }
      ATTRIBUTE "label" {
         DATATYPE  H5T_STRING {
            STRSIZE 33;
            STRPAD H5T_STR_NULLTERM;
            CSET H5T_CSET_ASCII;
            CTYPE H5T_C_S1;
         }
         DATASPACE  SCALAR
      }
      ATTRIBUTE "name" {
         DATATYPE  H5T_STRING {
            STRSIZE 33;
            STRPAD H5T_STR_NULLTERM;
            CSET H5T_CSET_ASCII;
            CTYPE H5T_C_S1;
         }
         DATASPACE  SCALAR
      }
      ATTRIBUTE "type" {
         DATATYPE  H5T_STRING {
            STRSIZE 3;
            STRPAD H5T_STR_NULLTERM;
            CSET H5T_CSET_ASCII;
            CTYPE H5T_C_S1;
         }
         DATASPACE  SCALAR
      }
      DATASET " data" {
         DATATYPE  H5T_STD_I32LE
         DATASPACE  SIMPLE { ( 2 ) / ( 2 ) }
      }
      GROUP "BrickOffsets" {
         ATTRIBUTE "flags" {
            DATATYPE  H5T_STD_I32LE
            DATASPACE  SIMPLE { ( 1 ) / ( 1 ) }
         }
         ATTRIBUTE "label" {
            DATATYPE  H5T_STRING {
               STRSIZE 33;
               STRPAD H5T_STR_NULLTERM;
               CSET H5T_CSET_ASCII;
               CTYPE H5T_C_S1;
            }
            DATASPACE  SCALAR
         }
         ATTRIBUTE "name" {
            DATATYPE  H5T_STRING {
               STRSIZE 33;
               STRPAD H5T_STR_NULLTERM;
               CSET H5T_CSET_ASCII;
               CTYPE H5T_C_S1;
            }
            DATASPACE  SCALAR
         }
         ATTRIBUTE "type" {
            DATATYPE  H5T_STRING {
               STRSIZE 3;
               STRPAD H5T_STR_NULLTERM;
               CSET H5T_CSET_ASCII;
               CTYPE H5T_C_S1;
            }
            DATASPACE  SCALAR
         }
         GROUP "Brick" {
            ATTRIBUTE "flags" {
               DATATYPE  H5T_STD_I32LE
               DATASPACE  SIMPLE { ( 1 ) / ( 1 ) }
            }
            ATTRIBUTE "label" {
               DATATYPE  H5T_STRING {
                  STRSIZE 33;
                  STRPAD H5T_STR_NULLTERM;
                  CSET H5T_CSET_ASCII;
                  CTYPE H5T_C_S1;
               }
               DATASPACE  SCALAR
            }
            ATTRIBUTE "name" {
               DATATYPE  H5T_STRING {
                  STRSIZE 33;
                  STRPAD H5T_STR_NULLTERM;
                  CSET H5T_CSET_ASCII;
                  CTYPE H5T_C_S1;
               }
               DATASPACE  SCALAR
            }
            ATTRIBUTE "type" {
               DATATYPE  H5T_STRING {
                  STRSIZE 3;
                  STRPAD H5T_STR_NULLTERM;
                  CSET H5T_CSET_ASCII;
                  CTYPE H5T_C_S1;
               }
               DATASPACE  SCALAR
            }
            DATASET " data" {
               DATATYPE  H5T_STD_I64LE
               DATASPACE  SIMPLE { ( 65, 2 ) / ( 65, 2 ) }
            }
         }
         GROUP "Zone" {
            ATTRIBUTE "flags" {
               DATATYPE  H5T_STD_I32LE
               DATASPACE  SIMPLE { ( 1 ) / ( 1 ) }
            }
            ATTRIBUTE "label" {
               DATATYPE  H5T_STRING {
                  STRSIZE 33;
                  STRPAD H5T_STR_NULLTERM;
                  CSET H5T_CSET_ASCII;
                  CTYPE H5T_C_S1;
               }
               DATASPACE  SCALAR
            }
            ATTRIBUTE "name" {
               DATATYPE  H5T_STRING {
                  STRSIZE 33;
                  STRPAD H5T_STR_NULLTERM;
                  CSET H5T_CSET_ASCII;
                  CTYPE H5T_C_S1;
               }
               DATASPACE  SCALAR
            }
            ATTRIBUTE "type" {
               DATATYPE  H5T_STRING {
                  STRSIZE 3;
                  STRPAD H5T_STR_NULLTERM;
                  CSET H5T_CSET_ASCII;
                  CTYPE H5T_C_S1;
               }
               DATASPACE  SCALAR
            }
            DATASET " data" {
               DATATYPE  H5T_STD_I64LE
               DATASPACE  SIMPLE { ( 2 ) / ( 2 ) }
            }
         }
      }
      GROUP "Zone_000001" {
         ATTRIBUTE "flags" {
            DATATYPE  H5T_STD_I32LE
            DATASPACE  SIMPLE { ( 1 ) / ( 1 ) }
         }
         ATTRIBUTE "label" {
            DATATYPE  H5T_STRING {
               STRSIZE 33;
               STRPAD H5T_STR_NULLTERM;
               CSET H5T_CSET_ASCII;
               CTYPE H5T_C_S1;
            }
            DATASPACE  SCALAR
         }
         ATTRIBUTE "name" {
            DATATYPE  H5T_STRING {
               STRSIZE 33;
               STRPAD H5T_STR_NULLTERM;
               CSET H5T_CSET_ASCII;
               CTYPE H5T_C_S1;
            }
            DATASPACE  SCALAR
         }
         ATTRIBUTE "type" {
            DATATYPE  H5T_STRING {
               STRSIZE 3;
               STRPAD H5T_STR_NULLTERM;
               CSET H5T_CSET_ASCII;
               CTYPE H5T_C_S1;
            }
            DATASPACE  SCALAR
         }
         DATASET " data" {
            DATATYPE  H5T_STD_I32LE
            DATASPACE  SIMPLE { ( 3, 1 ) / ( 3, 1 ) }
         }
         GROUP "GridCoordinates" {
            ATTRIBUTE "flags" {
               DATATYPE  H5T_STD_I32LE
               DATASPACE  SIMPLE { ( 1 ) / ( 1 ) }
            }
            ATTRIBUTE "label" {
               DATATYPE  H5T_STRING {
                  STRSIZE 33;
                  STRPAD H5T_STR_NULLTERM;
                  CSET H5T_CSET_ASCII;
                  CTYPE H5T_C_S1;
               }
               DATASPACE  SCALAR
            }
            ATTRIBUTE "name" {
               DATATYPE  H5T_STRING {
                  STRSIZE 33;
                  STRPAD H5T_STR_NULLTERM;
                  CSET H5T_CSET_ASCII;
                  CTYPE H5T_C_S1;
               }
               DATASPACE  SCALAR
            }
            ATTRIBUTE "type" {
               DATATYPE  H5T_STRING {
                  STRSIZE 3;
                  STRPAD H5T_STR_NULLTERM;
                  CSET H5T_CSET_ASCII;
                  CTYPE H5T_C_S1;
               }
               DATASPACE  SCALAR
            }
            GROUP "CoordinateX" {
               ATTRIBUTE "flags" {
                  DATATYPE  H5T_STD_I32LE
                  DATASPACE  SIMPLE { ( 1 ) / ( 1 ) }
               }
               ATTRIBUTE "label" {
                  DATATYPE  H5T_STRING {
                     STRSIZE 33;
                     STRPAD H5T_STR_NULLTERM;
                     CSET H5T_CSET_ASCII;
                     CTYPE H5T_C_S1;
                  }
                  DATASPACE  SCALAR
               }
               ATTRIBUTE "name" {
                  DATATYPE  H5T_STRING {
                     STRSIZE 33;
                     STRPAD H5T_STR_NULLTERM;
                     CSET H5T_CSET_ASCII;
                     CTYPE H5T_C_S1;
                  }
                  DATASPACE  SCALAR
               }
               ATTRIBUTE "type" {
                  DATATYPE  H5T_STRING {
                     STRSIZE 3;
                     STRPAD H5T_STR_NULLTERM;
                     CSET H5T_CSET_ASCII;
                     CTYPE H5T_C_S1;
                  }
                  DATASPACE  SCALAR
               }
               DATASET " data" {
                  DATATYPE  H5T_IEEE_F64LE
                  DATASPACE  SIMPLE { ( 4096 ) / ( 4096 ) }
               }
            }
            GROUP "CoordinateY" {
               ATTRIBUTE "flags" {
                  DATATYPE  H5T_STD_I32LE
                  DATASPACE  SIMPLE { ( 1 ) / ( 1 ) }
               }
               ATTRIBUTE "label" {
                  DATATYPE  H5T_STRING {
                     STRSIZE 33;
                     STRPAD H5T_STR_NULLTERM;
                     CSET H5T_CSET_ASCII;
                     CTYPE H5T_C_S1;
                  }
                  DATASPACE  SCALAR
               }
               ATTRIBUTE "name" {
                  DATATYPE  H5T_STRING {
                     STRSIZE 33;
                     STRPAD H5T_STR_NULLTERM;
                     CSET H5T_CSET_ASCII;
                     CTYPE H5T_C_S1;
                  }
                  DATASPACE  SCALAR
               }
               ATTRIBUTE "type" {
                  DATATYPE  H5T_STRING {
                     STRSIZE 3;
                     STRPAD H5T_STR_NULLTERM;
                     CSET H5T_CSET_ASCII;
                     CTYPE H5T_C_S1;
                  }
                  DATASPACE  SCALAR
               }
               DATASET " data" {
                  DATATYPE  H5T_IEEE_F64LE
                  DATASPACE  SIMPLE { ( 4096 ) / ( 4096 ) }
               }
            }
            GROUP "CoordinateZ" {
               ATTRIBUTE "flags" {
                  DATATYPE  H5T_STD_I32LE
                  DATASPACE  SIMPLE { ( 1 ) / ( 1 ) }
               }
               ATTRIBUTE "label" {
                  DATATYPE  H5T_STRING {
                     STRSIZE 33;
                     STRPAD H5T_STR_NULLTERM;
                     CSET H5T_CSET_ASCII;
                     CTYPE H5T_C_S1;
                  }
                  DATASPACE  SCALAR
               }
               ATTRIBUTE "name" {
                  DATATYPE  H5T_STRING {
                     STRSIZE 33;
                     STRPAD H5T_STR_NULLTERM;
                     CSET H5T_CSET_ASCII;
                     CTYPE H5T_C_S1;
                  }
                  DATASPACE  SCALAR
               }
               ATTRIBUTE "type" {
                  DATATYPE  H5T_STRING {
                     STRSIZE 3;
                     STRPAD H5T_STR_NULLTERM;
                     CSET H5T_CSET_ASCII;
                     CTYPE H5T_C_S1;
                  }
                  DATASPACE  SCALAR
               }
               DATASET " data" {
                  DATATYPE  H5T_IEEE_F64LE
                  DATASPACE  SIMPLE { ( 4096 ) / ( 4096 ) }
               }
            }
         }
         GROUP "RegularElements" {
            ATTRIBUTE "flags" {
               DATATYPE  H5T_STD_I32LE
               DATASPACE  SIMPLE { ( 1 ) / ( 1 ) }
            }
            ATTRIBUTE "label" {
               DATATYPE  H5T_STRING {
                  STRSIZE 33;
                  STRPAD H5T_STR_NULLTERM;
                  CSET H5T_CSET_ASCII;
                  CTYPE H5T_C_S1;
               }
               DATASPACE  SCALAR
            }
            ATTRIBUTE "name" {
               DATATYPE  H5T_STRING {
                  STRSIZE 33;
                  STRPAD H5T_STR_NULLTERM;
                  CSET H5T_CSET_ASCII;
                  CTYPE H5T_C_S1;
               }
               DATASPACE  SCALAR
            }
            ATTRIBUTE "type" {
               DATATYPE  H5T_STRING {
                  STRSIZE 3;
                  STRPAD H5T_STR_NULLTERM;
                  CSET H5T_CSET_ASCII;
                  CTYPE H5T_C_S1;
               }
               DATASPACE  SCALAR
            }
            DATASET " data" {
               DATATYPE  H5T_STD_I32LE
               DATASPACE  SIMPLE { ( 2 ) / ( 2 ) }
            }
            GROUP "ElementConnectivity" {
               ATTRIBUTE "flags" {
                  DATATYPE  H5T_STD_I32LE
                  DATASPACE  SIMPLE { ( 1 ) / ( 1 ) }
               }
               ATTRIBUTE "label" {
                  DATATYPE  H5T_STRING {
                     STRSIZE 33;
                     STRPAD H5T_STR_NULLTERM;
                     CSET H5T_CSET_ASCII;
                     CTYPE H5T_C_S1;
                  }
                  DATASPACE  SCALAR
               }
               ATTRIBUTE "name" {
                  DATATYPE  H5T_STRING {
                     STRSIZE 33;
                     STRPAD H5T_STR_NULLTERM;
                     CSET H5T_CSET_ASCII;
                     CTYPE H5T_C_S1;
                  }
                  DATASPACE  SCALAR
               }
               ATTRIBUTE "type" {
                  DATATYPE  H5T_STRING {
                     STRSIZE 3;
                     STRPAD H5T_STR_NULLTERM;
                     CSET H5T_CSET_ASCII;
                     CTYPE H5T_C_S1;
                  }
                  DATASPACE  SCALAR
               }
               DATASET " data" {
                  DATATYPE  H5T_STD_I32LE
                  DATASPACE  SIMPLE { ( 27000 ) / ( 27000 ) }
               }
            }
            GROUP "ElementRange" {
               ATTRIBUTE "flags" {
                  DATATYPE  H5T_STD_I32LE
                  DATASPACE  SIMPLE { ( 1 ) / ( 1 ) }
               }
               ATTRIBUTE "label" {
                  DATATYPE  H5T_STRING {
                     STRSIZE 33;
                     STRPAD H5T_STR_NULLTERM;
                     CSET H5T_CSET_ASCII;
                     CTYPE H5T_C_S1;
                  }
                  DATASPACE  SCALAR
               }
               ATTRIBUTE "name" {
                  DATATYPE  H5T_STRING {
                     STRSIZE 33;
                     STRPAD H5T_STR_NULLTERM;
                     CSET H5T_CSET_ASCII;
                     CTYPE H5T_C_S1;
                  }
                  DATASPACE  SCALAR
               }
               ATTRIBUTE "type" {
                  DATATYPE  H5T_STRING {
                     STRSIZE 3;
                     STRPAD H5T_STR_NULLTERM;
                     CSET H5T_CSET_ASCII;
                     CTYPE H5T_C_S1;
                  }
                  DATASPACE  SCALAR
               }
               DATASET " data" {
                  DATATYPE  H5T_STD_I32LE
                  DATASPACE  SIMPLE { ( 2 ) / ( 2 ) }
               }
            }
         }
         GROUP "StructuredNodeIndices" {
            ATTRIBUTE "flags" {
               DATATYPE  H5T_STD_I32LE
               DATASPACE  SIMPLE { ( 1 ) / ( 1 ) }
            }
            ATTRIBUTE "label" {
               DATATYPE  H5T_STRING {
                  STRSIZE 33;
                  STRPAD H5T_STR_NULLTERM;
                  CSET H5T_CSET_ASCII;
                  CTYPE H5T_C_S1;
               }
               DATASPACE  SCALAR
            }
            ATTRIBUTE "name" {
               DATATYPE  H5T_STRING {
                  STRSIZE 33;
                  STRPAD H5T_STR_NULLTERM;
                  CSET H5T_CSET_ASCII;
                  CTYPE H5T_C_S1;
               }
               DATASPACE  SCALAR
            }
            ATTRIBUTE "type" {
               DATATYPE  H5T_STRING {
                  STRSIZE 3;
                  STRPAD H5T_STR_NULLTERM;
                  CSET H5T_CSET_ASCII;
                  CTYPE H5T_C_S1;
               }
               DATASPACE  SCALAR
            }
            GROUP "GridLocation" {
               ATTRIBUTE "flags" {
                  DATATYPE  H5T_STD_I32LE
                  DATASPACE  SIMPLE { ( 1 ) / ( 1 ) }
               }
               ATTRIBUTE "label" {
                  DATATYPE  H5T_STRING {
                     STRSIZE 33;
                     STRPAD H5T_STR_NULLTERM;
                     CSET H5T_CSET_ASCII;
                     CTYPE H5T_C_S1;
                  }
                  DATASPACE  SCALAR
               }
               ATTRIBUTE "name" {
                  DATATYPE  H5T_STRING {
                     STRSIZE 33;
                     STRPAD H5T_STR_NULLTERM;
                     CSET H5T_CSET_ASCII;
                     CTYPE H5T_C_S1;
                  }
                  DATASPACE  SCALAR
               }
               ATTRIBUTE "type" {
                  DATATYPE  H5T_STRING {
                     STRSIZE 3;
                     STRPAD H5T_STR_NULLTERM;
                     CSET H5T_CSET_ASCII;
                     CTYPE H5T_C_S1;
                  }
                  DATASPACE  SCALAR
               }
               DATASET " data" {
                  DATATYPE  H5T_STD_I8LE
                  DATASPACE  SIMPLE { ( 6 ) / ( 6 ) }
               }
            }
            GROUP "Indices" {
               ATTRIBUTE "flags" {
                  DATATYPE  H5T_STD_I32LE
                  DATASPACE  SIMPLE { ( 1 ) / ( 1 ) }
               }
               ATTRIBUTE "label" {
                  DATATYPE  H5T_STRING {
                     STRSIZE 33;
                     STRPAD H5T_STR_NULLTERM;
                     CSET H5T_CSET_ASCII;
                     CTYPE H5T_C_S1;
                  }
                  DATASPACE  SCALAR
               }
               ATTRIBUTE "name" {
                  DATATYPE  H5T_STRING {
                     STRSIZE 33;
                     STRPAD H5T_STR_NULLTERM;
                     CSET H5T_CSET_ASCII;
                     CTYPE H5T_C_S1;
                  }
                  DATASPACE  SCALAR
               }
               ATTRIBUTE "type" {
                  DATATYPE  H5T_STRING {
                     STRSIZE 3;
                     STRPAD H5T_STR_NULLTERM;
                     CSET H5T_CSET_ASCII;
                     CTYPE H5T_C_S1;
                  }
                  DATASPACE  SCALAR
               }
               DATASET " data" {
                  DATATYPE  H5T_STD_I32LE
                  DATASPACE  SIMPLE { ( 4096, 3 ) / ( 4096, 3 ) }
               }
            }
         }
         GROUP "ZoneType" {
            ATTRIBUTE "flags" {
               DATATYPE  H5T_STD_I32LE
               DATASPACE  SIMPLE { ( 1 ) / ( 1 ) }
            }
            ATTRIBUTE "label" {
               DATATYPE  H5T_STRING {
                  STRSIZE 33;
                  STRPAD H5T_STR_NULLTERM;
                  CSET H5T_CSET_ASCII;
                  CTYPE H5T_C_S1;
               }
               DATASPACE  SCALAR
            }
            ATTRIBUTE "name" {
               DATATYPE  H5T_STRING {
                  STRSIZE 33;
                  STRPAD H5T_STR_NULLTERM;
                  CSET H5T_CSET_ASCII;
                  CTYPE H5T_C_S1;
               }
               DATASPACE  SCALAR
            }
            ATTRIBUTE "type" {
               DATATYPE  H5T_STRING {
                  STRSIZE 3;
                  STRPAD H5T_STR_NULLTERM;
                  CSET H5T_CSET_ASCII;
                  CTYPE H5T_C_S1;
               }
               DATASPACE  SCALAR
            }
            DATASET " data" {
               DATATYPE  H5T_STD_I8LE
               DATASPACE  SIMPLE { ( 12 ) / ( 12 ) }
            }
         }
      }
   }
   GROUP "CGNSLibraryVersion" {
      ATTRIBUTE "flags" {
         DATATYPE  H5T_STD_I32LE
         DATASPACE  SIMPLE { ( 1 ) / ( 1 ) }
      }
      ATTRIBUTE "label" {
         DATATYPE  H5T_STRING {
            STRSIZE 33;
            STRPAD H5T_STR_NULLTERM;
            CSET H5T_CSET_ASCII;
            CTYPE H5T_C_S1;
         }
         DATASPACE  SCALAR
      }
      ATTRIBUTE "name" {
         DATATYPE  H5T_STRING {
            STRSIZE 33;
            STRPAD H5T_STR_NULLTERM;
            CSET H5T_CSET_ASCII;
            CTYPE H5T_C_S1;
         }
         DATASPACE  SCALAR
      }
      ATTRIBUTE "type" {
         DATATYPE  H5T_STRING {
            STRSIZE 3;
            STRPAD H5T_STR_NULLTERM;
            CSET H5T_CSET_ASCII;
            CTYPE H5T_C_S1;
         }
         DATASPACE  SCALAR
      }
      DATASET " data" {
         DATATYPE  H5T_IEEE_F32LE
         DATASPACE  SIMPLE { ( 1 ) / ( 1 ) }
      }
   }
}
}
